2025-04-20 22:14:03,220 [ERROR] Unable to decode input as JSON
2025-04-20 22:14:03,220 [INFO] building error response
2025-04-20 22:15:33,620 [ERROR] Unable to decode input as JSON
2025-04-20 22:15:33,620 [INFO] building error response
2025-04-20 22:15:44,856 [ERROR] Unable to decode input as JSON
2025-04-20 22:15:44,857 [INFO] building error response
2025-04-20 22:15:44,857 [INFO] null
2025-04-20 22:17:44,740 [ERROR] Unable to decode input as JSON
2025-04-20 22:17:44,740 [INFO] building error response
2025-04-20 22:17:44,740 [INFO] error response built
2025-04-20 22:17:44,740 [INFO] {'error': {'code': 'BadRequest', 'errorMessage': 'Input is not valid JSON Expecting property name enclosed in double quotes'}, 'success': False}
2025-04-20 22:17:44,740 [INFO] null
2025-04-20 22:18:43,216 [ERROR] Unable to decode input as JSON
2025-04-20 22:18:43,217 [INFO] building error response
2025-04-20 22:18:43,217 [INFO] error response built
2025-04-20 22:18:43,217 [INFO] {'error': {'code': 'BadRequest', 'errorMessage': 'Input is not valid JSON Expecting property name enclosed in double quotes'}, 'success': False}
2025-04-20 22:18:43,217 [INFO] None
2025-04-20 22:18:43,217 [INFO] null
2025-04-20 22:20:09,837 [ERROR] Unable to decode input as JSON
2025-04-20 22:20:09,837 [INFO] building error response
2025-04-20 22:20:09,837 [INFO] error response built
2025-04-20 22:20:09,837 [INFO] {'error': {'code': 'BadRequest', 'errorMessage': 'Input is not valid JSON Expecting property name enclosed in double quotes'}, 'success': False}
2025-04-20 22:20:09,837 [INFO] {'error': {'code': 'BadRequest', 'errorMessage': 'Input is not valid JSON Expecting property name enclosed in double quotes'}, 'success': False}
2025-04-20 22:20:09,837 [INFO] {"error": {"code": "BadRequest", "errorMessage": "Input is not valid JSON Expecting property name enclosed in double quotes"}, "success": false}
